2026-01-28 20:11:50 - HV000001: Hibernate Validator 8.0.3.Final
2026-01-28 20:11:50 - Starting GestaoCompeticoesApiApplication using Java 21.0.8 with PID 29888 (C:\Users\edson\Downloads\gestao-competicoes-api\target\classes started by edson in C:\Users\edson\Downloads\gestao-competicoes-api)
2026-01-28 20:11:50 - No active profile set, falling back to 1 default profile: "default"
2026-01-28 20:11:51 - Bootstrapping Spring Data JPA repositories in DEFAULT mode.
2026-01-28 20:11:51 - Finished Spring Data repository scanning in 8 ms. Found 0 JPA repository interfaces.
2026-01-28 20:11:51 - Tomcat initialized with port 8080 (http)
2026-01-28 20:11:51 - Initializing ProtocolHandler ["http-nio-8080"]
2026-01-28 20:11:51 - Starting service [Tomcat]
2026-01-28 20:11:51 - Starting Servlet engine: [Apache Tomcat/10.1.50]
2026-01-28 20:11:51 - Initializing Spring embedded WebApplicationContext
2026-01-28 20:11:51 - Root WebApplicationContext: initialization completed in 725 ms
2026-01-28 20:11:51 - Exception encountered during context initialization - cancelling refresh attempt: org.springframework.beans.factory.BeanCreationException: Error creating bean with name 'entityManagerFactory' defined in class path resource [org/springframework/boot/autoconfigure/orm/jpa/HibernateJpaConfiguration.class]: Failed to initialize dependency 'dataSourceScriptDatabaseInitializer' of LoadTimeWeaverAware bean 'entityManagerFactory': Error creating bean with name 'dataSourceScriptDatabaseInitializer' defined in class path resource [org/springframework/boot/autoconfigure/sql/init/DataSourceInitializationConfiguration.class]: Unsatisfied dependency expressed through method 'dataSourceScriptDatabaseInitializer' parameter 0: Error creating bean with name 'dataSource' defined in class path resource [org/springframework/boot/autoconfigure/jdbc/DataSourceConfiguration$Hikari.class]: Failed to instantiate [com.zaxxer.hikari.HikariDataSource]: Factory method 'dataSource' threw exception with message: Failed to determine a suitable driver class
2026-01-28 20:11:51 - Stopping service [Tomcat]
2026-01-28 20:11:51 - 

Error starting ApplicationContext. To display the condition evaluation report re-run your application with 'debug' enabled.
2026-01-28 20:11:51 - 

***************************
APPLICATION FAILED TO START
***************************

Description:

Failed to configure a DataSource: 'url' attribute is not specified and no embedded datasource could be configured.

Reason: Failed to determine a suitable driver class


Action:

Consider the following:
	If you want an embedded database (H2, HSQL or Derby), please put it on the classpath.
	If you have database settings to be loaded from a particular profile you may need to activate it (no profiles are currently active).

2026-01-28 20:15:23 - HV000001: Hibernate Validator 8.0.3.Final
2026-01-28 20:15:23 - Starting GestaoCompeticoesApiApplication using Java 21.0.8 with PID 23436 (C:\Users\edson\Downloads\gestao-competicoes-api\target\classes started by edson in C:\Users\edson\Downloads\gestao-competicoes-api)
2026-01-28 20:15:23 - No active profile set, falling back to 1 default profile: "default"
2026-01-28 20:15:24 - Bootstrapping Spring Data JPA repositories in DEFAULT mode.
2026-01-28 20:15:24 - Finished Spring Data repository scanning in 7 ms. Found 0 JPA repository interfaces.
2026-01-28 20:15:24 - Tomcat initialized with port 8080 (http)
2026-01-28 20:15:24 - Initializing ProtocolHandler ["http-nio-8080"]
2026-01-28 20:15:24 - Starting service [Tomcat]
2026-01-28 20:15:24 - Starting Servlet engine: [Apache Tomcat/10.1.50]
2026-01-28 20:15:24 - Initializing Spring embedded WebApplicationContext
2026-01-28 20:15:24 - Root WebApplicationContext: initialization completed in 690 ms
2026-01-28 20:15:24 - Exception encountered during context initialization - cancelling refresh attempt: org.springframework.beans.factory.BeanCreationException: Error creating bean with name 'entityManagerFactory' defined in class path resource [org/springframework/boot/autoconfigure/orm/jpa/HibernateJpaConfiguration.class]: Failed to initialize dependency 'dataSourceScriptDatabaseInitializer' of LoadTimeWeaverAware bean 'entityManagerFactory': Error creating bean with name 'dataSourceScriptDatabaseInitializer' defined in class path resource [org/springframework/boot/autoconfigure/sql/init/DataSourceInitializationConfiguration.class]: Unsatisfied dependency expressed through method 'dataSourceScriptDatabaseInitializer' parameter 0: Error creating bean with name 'dataSource' defined in class path resource [org/springframework/boot/autoconfigure/jdbc/DataSourceConfiguration$Hikari.class]: Failed to instantiate [com.zaxxer.hikari.HikariDataSource]: Factory method 'dataSource' threw exception with message: Failed to determine a suitable driver class
2026-01-28 20:15:24 - Stopping service [Tomcat]
2026-01-28 20:15:24 - 

Error starting ApplicationContext. To display the condition evaluation report re-run your application with 'debug' enabled.
2026-01-28 20:15:24 - 

***************************
APPLICATION FAILED TO START
***************************

Description:

Failed to configure a DataSource: 'url' attribute is not specified and no embedded datasource could be configured.

Reason: Failed to determine a suitable driver class


Action:

Consider the following:
	If you want an embedded database (H2, HSQL or Derby), please put it on the classpath.
	If you have database settings to be loaded from a particular profile you may need to activate it (no profiles are currently active).

